2026-02-16 21:22:57 - __main__ - INFO - ==================================================
2026-02-16 21:22:57 - __main__ - INFO - STEP 6: GENERATING PREDICTIONS
2026-02-16 21:22:57 - __main__ - INFO - ==================================================
2026-02-16 21:22:57 - __main__ - INFO - Using model: Gradient_Boosting
2026-02-16 21:22:57 - __main__ - INFO - Loading from: C:\Users\M.SAMLY\Desktop\student performance prediction\models\improved\gradient_boosting.pkl
2026-02-16 21:23:17 - __main__ - INFO - Generating predictions for 6519 students...
2026-02-16 21:23:17 - __main__ - INFO - Full prediction report saved to: C:\Users\M.SAMLY\Desktop\student performance prediction\outputs\reports\prediction_report_full.csv
2026-02-16 21:23:17 - __main__ - INFO - At-risk students report saved to: C:\Users\M.SAMLY\Desktop\student performance prediction\outputs\reports\at_risk_students.csv
2026-02-16 21:23:17 - __main__ - INFO - 
==================================================
2026-02-16 21:23:17 - __main__ - INFO - PREDICTION SUMMARY
2026-02-16 21:23:17 - __main__ - INFO - ==================================================
2026-02-16 21:23:17 - __main__ - INFO - Total Students: 6519
2026-02-16 21:23:17 - __main__ - INFO - Predicted Pass: 3219
2026-02-16 21:23:17 - __main__ - INFO - Predicted Fail: 3300
2026-02-16 21:23:17 - __main__ - INFO - 
Risk Distribution:
2026-02-16 21:23:17 - __main__ - INFO -   High Risk: 3300
2026-02-16 21:23:17 - __main__ - INFO -   Medium Risk: 266
2026-02-16 21:23:17 - __main__ - INFO -   Low Risk: 2953
2026-02-16 21:23:17 - __main__ - INFO - 
At-Risk Students: 3566 (54.7%)
2026-02-16 21:23:17 - __main__ - INFO - Prediction Accuracy: 0.9337
2026-02-16 21:23:17 - __main__ - INFO - 
Summary saved to: C:\Users\M.SAMLY\Desktop\student performance prediction\outputs\reports\prediction_summary.json
2026-02-16 21:23:17 - __main__ - INFO - 
==================================================
2026-02-16 21:23:17 - __main__ - INFO - PREDICTION GENERATION COMPLETE
2026-02-16 21:23:17 - __main__ - INFO - ==================================================
