2026-02-16 16:06:04 - __main__ - INFO - ==================================================
2026-02-16 16:06:04 - __main__ - INFO - STEP 4: TRAINING IMPROVED MODELS
2026-02-16 16:06:04 - __main__ - INFO - ==================================================
2026-02-16 16:06:05 - __main__ - INFO - Training set: (140, 9)
2026-02-16 16:06:05 - __main__ - INFO - Validation set: (20, 9)
2026-02-16 16:06:05 - __main__ - INFO - Test set: (40, 9)
2026-02-16 16:06:05 - __main__ - INFO - 
==================================================
2026-02-16 16:06:05 - __main__ - INFO - TRAINING RANDOM FOREST
2026-02-16 16:06:05 - __main__ - INFO - ==================================================
2026-02-16 16:06:05 - __main__ - INFO - 
Evaluating Random Forest on test set...
2026-02-16 16:06:05 - __main__ - INFO - 
Top 10 Most Important Features (Random Forest):
2026-02-16 16:06:05 - __main__ - INFO -                  feature  importance
8          midterm_score    0.349203
1  attendance_percentage    0.126627
6                 quiz_2    0.116918
2           assignment_1    0.114887
4           assignment_3    0.112540
5                 quiz_1    0.062560
3           assignment_2    0.049366
7                 quiz_3    0.046350
0                    age    0.021549
2026-02-16 16:06:06 - __main__ - INFO - 
Random Forest saved to: C:\Users\M.SAMLY\Desktop\student performance prediction\models\improved\random_forest.pkl
2026-02-16 16:06:06 - __main__ - INFO - 
==================================================
2026-02-16 16:06:06 - __main__ - INFO - TRAINING GRADIENT BOOSTING
2026-02-16 16:06:06 - __main__ - INFO - ==================================================
2026-02-16 16:06:06 - __main__ - INFO - 
Evaluating Gradient Boosting on test set...
2026-02-16 16:06:06 - __main__ - INFO - 
Top 10 Most Important Features (Gradient Boosting):
2026-02-16 16:06:06 - __main__ - INFO -                  feature    importance
8          midterm_score  5.854707e-01
6                 quiz_2  1.613240e-01
7                 quiz_3  1.030031e-01
3           assignment_2  5.403087e-02
2           assignment_1  3.679187e-02
4           assignment_3  3.348264e-02
5                 quiz_1  2.589685e-02
1  attendance_percentage  3.236280e-17
0                    age  1.873636e-17
2026-02-16 16:06:06 - __main__ - INFO - 
Gradient Boosting saved to: C:\Users\M.SAMLY\Desktop\student performance prediction\models\improved\gradient_boosting.pkl
2026-02-16 16:06:06 - __main__ - INFO - 
==================================================
2026-02-16 16:06:06 - __main__ - INFO - MODEL COMPARISON
2026-02-16 16:06:06 - __main__ - INFO - ==================================================
2026-02-16 16:06:06 - __main__ - INFO - 
                   accuracy  precision    recall        f1   roc_auc
random_forest         0.875   0.897436  0.972222  0.933333  0.659722
gradient_boosting     0.800   0.888889  0.888889  0.888889  0.416667
2026-02-16 16:06:06 - __main__ - INFO - 
Best model based on F1-score: random_forest (F1: 0.9333)
2026-02-16 16:06:06 - __main__ - INFO - 
Comparison saved to: C:\Users\M.SAMLY\Desktop\student performance prediction\models\improved\model_comparison.csv
2026-02-16 16:06:06 - __main__ - INFO - Best model info saved to: C:\Users\M.SAMLY\Desktop\student performance prediction\models\improved\best_model_info.json
2026-02-16 16:06:06 - __main__ - INFO - 
==================================================
2026-02-16 16:06:06 - __main__ - INFO - IMPROVED MODELS TRAINING COMPLETE
2026-02-16 16:06:06 - __main__ - INFO - ==================================================
