2026-02-16 16:06:19 - __main__ - INFO - ==================================================
2026-02-16 16:06:19 - __main__ - INFO - STEP 5: MODEL EVALUATION
2026-02-16 16:06:19 - __main__ - INFO - ==================================================
2026-02-16 16:06:19 - __main__ - INFO - Test set size: (40, 9)
2026-02-16 16:06:19 - __main__ - INFO - 
==================================================
2026-02-16 16:06:19 - __main__ - INFO - EVALUATING BASELINE MODEL
2026-02-16 16:06:19 - __main__ - INFO - ==================================================
2026-02-16 16:06:19 - __main__ - INFO - 
Evaluating Logistic Regression...
2026-02-16 16:06:19 - __main__ - INFO - 
Logistic Regression Metrics:
2026-02-16 16:06:19 - __main__ - INFO -   accuracy: 0.7250
2026-02-16 16:06:19 - __main__ - INFO -   precision: 0.8788
2026-02-16 16:06:19 - __main__ - INFO -   recall: 0.8056
2026-02-16 16:06:19 - __main__ - INFO -   f1_score: 0.8406
2026-02-16 16:06:19 - __main__ - INFO -   specificity: 0.0000
2026-02-16 16:06:19 - __main__ - INFO -   roc_auc: 0.5139
2026-02-16 16:06:19 - __main__ - INFO - 
Confusion Matrix:
[[ 0  4]
 [ 7 29]]
2026-02-16 16:06:19 - __main__ - INFO - 
Classification Report:
              precision    recall  f1-score   support

        Fail       0.00      0.00      0.00         4
        Pass       0.88      0.81      0.84        36

    accuracy                           0.73        40
   macro avg       0.44      0.40      0.42        40
weighted avg       0.79      0.72      0.76        40

2026-02-16 16:06:29 - __main__ - INFO - Performing SHAP analysis for Logistic Regression...
2026-02-16 16:06:31 - __main__ - INFO - 
==================================================
2026-02-16 16:06:31 - __main__ - INFO - EVALUATING RANDOM FOREST
2026-02-16 16:06:31 - __main__ - INFO - ==================================================
2026-02-16 16:06:32 - __main__ - INFO - 
Evaluating Random Forest...
2026-02-16 16:06:32 - __main__ - INFO - 
Random Forest Metrics:
2026-02-16 16:06:32 - __main__ - INFO -   accuracy: 0.8750
2026-02-16 16:06:32 - __main__ - INFO -   precision: 0.8974
2026-02-16 16:06:32 - __main__ - INFO -   recall: 0.9722
2026-02-16 16:06:32 - __main__ - INFO -   f1_score: 0.9333
2026-02-16 16:06:32 - __main__ - INFO -   specificity: 0.0000
2026-02-16 16:06:32 - __main__ - INFO -   roc_auc: 0.6597
2026-02-16 16:06:32 - __main__ - INFO - 
Confusion Matrix:
[[ 0  4]
 [ 1 35]]
2026-02-16 16:06:32 - __main__ - INFO - 
Classification Report:
              precision    recall  f1-score   support

        Fail       0.00      0.00      0.00         4
        Pass       0.90      0.97      0.93        36

    accuracy                           0.88        40
   macro avg       0.45      0.49      0.47        40
weighted avg       0.81      0.88      0.84        40

2026-02-16 16:06:35 - __main__ - INFO - Performing SHAP analysis for Random Forest...
2026-02-16 16:06:39 - __main__ - INFO - 
==================================================
2026-02-16 16:06:39 - __main__ - INFO - EVALUATING GRADIENT BOOSTING
2026-02-16 16:06:39 - __main__ - INFO - ==================================================
2026-02-16 16:06:39 - __main__ - INFO - 
Evaluating Gradient Boosting...
2026-02-16 16:06:39 - __main__ - INFO - 
Gradient Boosting Metrics:
2026-02-16 16:06:39 - __main__ - INFO -   accuracy: 0.8000
2026-02-16 16:06:39 - __main__ - INFO -   precision: 0.8889
2026-02-16 16:06:39 - __main__ - INFO -   recall: 0.8889
2026-02-16 16:06:39 - __main__ - INFO -   f1_score: 0.8889
2026-02-16 16:06:39 - __main__ - INFO -   specificity: 0.0000
2026-02-16 16:06:39 - __main__ - INFO -   roc_auc: 0.4167
2026-02-16 16:06:39 - __main__ - INFO - 
Confusion Matrix:
[[ 0  4]
 [ 4 32]]
2026-02-16 16:06:39 - __main__ - INFO - 
Classification Report:
              precision    recall  f1-score   support

        Fail       0.00      0.00      0.00         4
        Pass       0.89      0.89      0.89        36

    accuracy                           0.80        40
   macro avg       0.44      0.44      0.44        40
weighted avg       0.80      0.80      0.80        40

2026-02-16 16:06:43 - __main__ - INFO - Performing SHAP analysis for Gradient Boosting...
2026-02-16 16:06:47 - __main__ - INFO - 
==================================================
2026-02-16 16:06:47 - __main__ - INFO - MODEL COMPARISON
2026-02-16 16:06:47 - __main__ - INFO - ==================================================
2026-02-16 16:06:47 - __main__ - INFO - 
Final Model Comparison:
2026-02-16 16:06:47 - __main__ - INFO - 
                     accuracy  precision    recall  f1_score  specificity   roc_auc
Logistic_Regression     0.725   0.878788  0.805556  0.840580          0.0  0.513889
Random_Forest           0.875   0.897436  0.972222  0.933333          0.0  0.659722
Gradient_Boosting       0.800   0.888889  0.888889  0.888889          0.0  0.416667
2026-02-16 16:06:47 - __main__ - INFO - 
Comparison saved to: C:\Users\M.SAMLY\Desktop\student performance prediction\outputs\reports\final_model_comparison.csv
2026-02-16 16:06:49 - __main__ - INFO - 
==================================================
2026-02-16 16:06:49 - __main__ - INFO - BEST MODEL: Random_Forest
2026-02-16 16:06:49 - __main__ - INFO - ==================================================
2026-02-16 16:06:49 - __main__ - INFO - F1-Score: 0.9333
2026-02-16 16:06:49 - __main__ - INFO - Accuracy: 0.8750
2026-02-16 16:06:49 - __main__ - INFO - Precision: 0.8974
2026-02-16 16:06:49 - __main__ - INFO - Recall: 0.9722
2026-02-16 16:06:49 - __main__ - INFO - ROC-AUC: 0.6597
2026-02-16 16:06:49 - __main__ - INFO - 
Best model info saved to: C:\Users\M.SAMLY\Desktop\student performance prediction\outputs\reports\best_model_evaluation.json
2026-02-16 16:06:49 - __main__ - INFO - 
All figures saved to: C:\Users\M.SAMLY\Desktop\student performance prediction\outputs\figures
2026-02-16 16:06:49 - __main__ - INFO - 
==================================================
2026-02-16 16:06:49 - __main__ - INFO - MODEL EVALUATION COMPLETE
2026-02-16 16:06:49 - __main__ - INFO - ==================================================
