2026-02-16 16:47:42 - __main__ - INFO - ============================================================
2026-02-16 16:47:42 - __main__ - INFO - STEP 1: DATA LOADING AND VALIDATION
2026-02-16 16:47:42 - __main__ - INFO - ============================================================
2026-02-16 16:47:50 - __main__ - INFO - 
student_info:
2026-02-16 16:47:50 - __main__ - INFO -   Rows: 32593
2026-02-16 16:47:50 - __main__ - INFO -   Columns: ['code_module', 'code_presentation', 'id_student', 'gender', 'region', 'highest_education', 'imd_band', 'age_band', 'num_of_prev_attempts', 'studied_credits', 'disability', 'final_result']
2026-02-16 16:47:50 - __main__ - INFO - 
student_assessment:
2026-02-16 16:47:50 - __main__ - INFO -   Rows: 173912
2026-02-16 16:47:50 - __main__ - INFO -   Columns: ['id_assessment', 'id_student', 'date_submitted', 'is_banked', 'score']
2026-02-16 16:47:50 - __main__ - INFO - 
student_registration:
2026-02-16 16:47:50 - __main__ - INFO -   Rows: 32593
2026-02-16 16:47:50 - __main__ - INFO -   Columns: ['code_module', 'code_presentation', 'id_student', 'date_registration', 'date_unregistration']
2026-02-16 16:47:50 - __main__ - INFO - 
student_vle:
2026-02-16 16:47:50 - __main__ - INFO -   Rows: 10655280
2026-02-16 16:47:50 - __main__ - INFO -   Columns: ['code_module', 'code_presentation', 'id_student', 'id_site', 'date', 'sum_click']
2026-02-16 16:47:50 - __main__ - INFO - 
assessments:
2026-02-16 16:47:50 - __main__ - INFO -   Rows: 206
2026-02-16 16:47:50 - __main__ - INFO -   Columns: ['code_module', 'code_presentation', 'id_assessment', 'assessment_type', 'date', 'weight']
2026-02-16 16:47:50 - __main__ - INFO - 
courses:
2026-02-16 16:47:50 - __main__ - INFO -   Rows: 22
2026-02-16 16:47:50 - __main__ - INFO -   Columns: ['code_module', 'code_presentation', 'module_presentation_length']
2026-02-16 16:47:50 - __main__ - INFO - 
vle:
2026-02-16 16:47:50 - __main__ - INFO -   Rows: 6364
2026-02-16 16:47:50 - __main__ - INFO -   Columns: ['id_site', 'code_module', 'code_presentation', 'activity_type', 'week_from', 'week_to']
2026-02-16 16:47:50 - __main__ - INFO - 
Merging datasets...
2026-02-16 16:47:53 - __main__ - INFO - 
Merged dataset summary:
2026-02-16 16:47:53 - __main__ - INFO -   Total rows: 32593
2026-02-16 16:47:53 - __main__ - INFO -   Total columns: 28
2026-02-16 16:47:53 - __main__ - INFO -   Unique students: 28785
2026-02-16 16:47:53 - __main__ - INFO -   Unique modules: 7
2026-02-16 16:47:53 - __main__ - INFO -   Target distribution: {'Pass': 12361, 'Withdrawn': 10156, 'Fail': 7052, 'Distinction': 3024}
2026-02-16 16:47:53 - __main__ - INFO - 
Validating data...
2026-02-16 16:47:54 - __main__ - INFO - 
Merged data saved to: C:\Users\M.SAMLY\Desktop\student performance prediction\data\processed\merged_raw_data.csv
2026-02-16 16:47:54 - __main__ - INFO - Validation report saved to: C:\Users\M.SAMLY\Desktop\student performance prediction\data\processed\validation_report.json
2026-02-16 16:47:54 - __main__ - INFO - 
============================================================
2026-02-16 16:47:54 - __main__ - INFO - DATA LOADING AND VALIDATION COMPLETE!
2026-02-16 16:47:54 - __main__ - INFO - ============================================================
