2026-02-16 16:52:50 - src.models.improved_models - INFO - Training Random Forest model...
2026-02-16 16:52:59 - src.models.improved_models - INFO - Model trained successfully
2026-02-16 16:52:59 - src.models.improved_models - INFO - Training accuracy: 0.9414
2026-02-16 16:52:59 - src.models.improved_models - INFO - Evaluating Random Forest model...
2026-02-16 16:53:00 - src.models.improved_models - INFO - Evaluation metrics:
2026-02-16 16:53:00 - src.models.improved_models - INFO -   accuracy: 0.9414
2026-02-16 16:53:00 - src.models.improved_models - INFO -   precision: 0.8975
2026-02-16 16:53:00 - src.models.improved_models - INFO -   recall: 0.9888
2026-02-16 16:53:00 - src.models.improved_models - INFO -   f1: 0.9409
2026-02-16 16:53:00 - src.models.improved_models - INFO -   roc_auc: 0.9869
2026-02-16 16:53:00 - src.models.improved_models - INFO - Evaluating Random Forest model...
2026-02-16 16:53:00 - src.models.improved_models - INFO - Evaluation metrics:
2026-02-16 16:53:00 - src.models.improved_models - INFO -   accuracy: 0.9255
2026-02-16 16:53:00 - src.models.improved_models - INFO -   precision: 0.8803
2026-02-16 16:53:00 - src.models.improved_models - INFO -   recall: 0.9747
2026-02-16 16:53:00 - src.models.improved_models - INFO -   f1: 0.9251
2026-02-16 16:53:00 - src.models.improved_models - INFO -   roc_auc: 0.9779
2026-02-16 16:53:00 - src.models.improved_models - INFO - Evaluating Random Forest model...
2026-02-16 16:53:00 - src.models.improved_models - INFO - Evaluation metrics:
2026-02-16 16:53:00 - src.models.improved_models - INFO -   accuracy: 0.9233
2026-02-16 16:53:00 - src.models.improved_models - INFO -   precision: 0.8806
2026-02-16 16:53:00 - src.models.improved_models - INFO -   recall: 0.9688
2026-02-16 16:53:00 - src.models.improved_models - INFO -   f1: 0.9226
2026-02-16 16:53:00 - src.models.improved_models - INFO -   roc_auc: 0.9785
2026-02-16 16:53:00 - src.models.improved_models - INFO - Training Gradient Boosting model...
2026-02-16 16:53:26 - src.models.improved_models - INFO - Model trained successfully
2026-02-16 16:53:26 - src.models.improved_models - INFO - Training accuracy: 0.9512
2026-02-16 16:53:26 - src.models.improved_models - INFO - Evaluating Gradient Boosting model...
2026-02-16 16:53:27 - src.models.improved_models - INFO - Evaluation metrics:
2026-02-16 16:53:27 - src.models.improved_models - INFO -   accuracy: 0.9512
2026-02-16 16:53:27 - src.models.improved_models - INFO -   precision: 0.9228
2026-02-16 16:53:27 - src.models.improved_models - INFO -   recall: 0.9785
2026-02-16 16:53:27 - src.models.improved_models - INFO -   f1: 0.9498
2026-02-16 16:53:27 - src.models.improved_models - INFO -   roc_auc: 0.9899
2026-02-16 16:53:27 - src.models.improved_models - INFO - Evaluating Gradient Boosting model...
2026-02-16 16:53:27 - src.models.improved_models - INFO - Evaluation metrics:
2026-02-16 16:53:27 - src.models.improved_models - INFO -   accuracy: 0.9399
2026-02-16 16:53:27 - src.models.improved_models - INFO -   precision: 0.9072
2026-02-16 16:53:27 - src.models.improved_models - INFO -   recall: 0.9721
2026-02-16 16:53:27 - src.models.improved_models - INFO -   f1: 0.9385
2026-02-16 16:53:27 - src.models.improved_models - INFO -   roc_auc: 0.9826
2026-02-16 16:53:27 - src.models.improved_models - INFO - Evaluating Gradient Boosting model...
2026-02-16 16:53:27 - src.models.improved_models - INFO - Evaluation metrics:
2026-02-16 16:53:27 - src.models.improved_models - INFO -   accuracy: 0.9337
2026-02-16 16:53:27 - src.models.improved_models - INFO -   precision: 0.9108
2026-02-16 16:53:27 - src.models.improved_models - INFO -   recall: 0.9529
2026-02-16 16:53:27 - src.models.improved_models - INFO -   f1: 0.9314
2026-02-16 16:53:27 - src.models.improved_models - INFO -   roc_auc: 0.9825
