2026-02-16 16:51:39 - src.models.baseline - INFO - Training Logistic Regression baseline model...
2026-02-16 16:51:43 - src.models.baseline - INFO - Model trained successfully
2026-02-16 16:51:43 - src.models.baseline - INFO - Training accuracy: 0.8989
2026-02-16 16:51:43 - src.models.baseline - INFO - Evaluating baseline model...
2026-02-16 16:51:44 - src.models.baseline - INFO - Evaluation metrics:
2026-02-16 16:51:44 - src.models.baseline - INFO -   accuracy: 0.8989
2026-02-16 16:51:44 - src.models.baseline - INFO -   precision: 0.8658
2026-02-16 16:51:44 - src.models.baseline - INFO -   recall: 0.9300
2026-02-16 16:51:44 - src.models.baseline - INFO -   f1: 0.8967
2026-02-16 16:51:44 - src.models.baseline - INFO -   roc_auc: 0.9590
2026-02-16 16:51:44 - src.models.baseline - INFO - Evaluating baseline model...
2026-02-16 16:51:44 - src.models.baseline - INFO - Evaluation metrics:
2026-02-16 16:51:44 - src.models.baseline - INFO -   accuracy: 0.8926
2026-02-16 16:51:44 - src.models.baseline - INFO -   precision: 0.8571
2026-02-16 16:51:44 - src.models.baseline - INFO -   recall: 0.9272
2026-02-16 16:51:44 - src.models.baseline - INFO -   f1: 0.8908
2026-02-16 16:51:44 - src.models.baseline - INFO -   roc_auc: 0.9574
2026-02-16 16:51:44 - src.models.baseline - INFO - Evaluating baseline model...
2026-02-16 16:51:44 - src.models.baseline - INFO - Evaluation metrics:
2026-02-16 16:51:44 - src.models.baseline - INFO -   accuracy: 0.9018
2026-02-16 16:51:44 - src.models.baseline - INFO -   precision: 0.8714
2026-02-16 16:51:44 - src.models.baseline - INFO -   recall: 0.9292
2026-02-16 16:51:44 - src.models.baseline - INFO -   f1: 0.8993
2026-02-16 16:51:44 - src.models.baseline - INFO -   roc_auc: 0.9608
